Mon Nov 11 14:18:52 EET 2019  [debug] AvalonLogChute initialized using file 'velocity.log'
Mon Nov 11 14:18:52 EET 2019  [debug] Velocity was not initialized! Calling init()...
Mon Nov 11 14:18:52 EET 2019  [trace] *******************************************************************
Mon Nov 11 14:18:52 EET 2019  [debug] Starting Apache Velocity v1.5 (compiled: 2007-02-22 08:52:29)
Mon Nov 11 14:18:52 EET 2019  [trace] RuntimeInstance initializing.
Mon Nov 11 14:18:52 EET 2019  [debug] Default Properties File: org/apache/velocity/runtime/defaults/velocity.properties
Mon Nov 11 14:18:52 EET 2019  [debug] Trying to use logger class org.apache.velocity.runtime.log.AvalonLogChute
Mon Nov 11 14:18:52 EET 2019  [debug] Using logger class org.apache.velocity.runtime.log.AvalonLogChute
Mon Nov 11 14:18:52 EET 2019  [debug] Default ResourceManager initializing. (class org.apache.velocity.runtime.resource.ResourceManagerImpl)
Mon Nov 11 14:18:52 EET 2019  [debug] ResourceLoader instantiated: org.apache.velocity.runtime.resource.loader.FileResourceLoader
Mon Nov 11 14:18:52 EET 2019  [trace] FileResourceLoader : initialization starting.
Mon Nov 11 14:18:52 EET 2019  [debug] Do unicode file recognition:  false
Mon Nov 11 14:18:52 EET 2019   [info] FileResourceLoader : adding path '.'
Mon Nov 11 14:18:52 EET 2019  [trace] FileResourceLoader : initialization complete.
Mon Nov 11 14:18:52 EET 2019  [debug] ResourceCache: initialized (class org.apache.velocity.runtime.resource.ResourceCacheImpl)
Mon Nov 11 14:18:52 EET 2019  [trace] Default ResourceManager initialization complete.
Mon Nov 11 14:18:52 EET 2019  [debug] Loaded System Directive: org.apache.velocity.runtime.directive.Literal
Mon Nov 11 14:18:52 EET 2019  [debug] Loaded System Directive: org.apache.velocity.runtime.directive.Macro
Mon Nov 11 14:18:52 EET 2019  [debug] Loaded System Directive: org.apache.velocity.runtime.directive.Parse
Mon Nov 11 14:18:52 EET 2019  [debug] Loaded System Directive: org.apache.velocity.runtime.directive.Include
Mon Nov 11 14:18:52 EET 2019  [debug] Loaded System Directive: org.apache.velocity.runtime.directive.Foreach
Mon Nov 11 14:18:52 EET 2019  [debug] Created '20' parsers.
Mon Nov 11 14:18:52 EET 2019  [trace] Velocimacro : initialization starting.
Mon Nov 11 14:18:52 EET 2019  [debug] Velocimacro : "velocimacro.library" is not set.  Trying default library: VM_global_library.vm
Mon Nov 11 14:18:52 EET 2019  [debug] Velocimacro : Default library not found.
Mon Nov 11 14:18:52 EET 2019  [debug] Velocimacro : allowInline = true : VMs can be defined inline in templates
Mon Nov 11 14:18:52 EET 2019  [debug] Velocimacro : allowInlineToOverride = false : VMs defined inline may NOT replace previous VM definitions
Mon Nov 11 14:18:52 EET 2019  [debug] Velocimacro : allowInlineLocal = false : VMs defined inline will be global in scope if allowed.
Mon Nov 11 14:18:52 EET 2019  [debug] Velocimacro : autoload off : VM system will not automatically reload global library macros
Mon Nov 11 14:18:52 EET 2019  [trace] Velocimacro : Velocimacro : initialization complete.
Mon Nov 11 14:18:52 EET 2019  [trace] RuntimeInstance successfully initialized.
